<?xml version="1.0" encoding="UTF-8"?>
<!-- Generated by org.testng.reporters.JUnitReportReporter -->
<testsuite hostname="krishna-ThinkPad-E450" name="jenkins.DemoJenkins.TestCases" tests="1" failures="0" timestamp="18 Mar 2019 11:12:03 GMT" time="6.856" errors="0">
  <testcase name="jenkinsTest" time="6.856" classname="jenkins.DemoJenkins.TestCases"/>
</testsuite> <!-- jenkins.DemoJenkins.TestCases -->
