<?xml version="1.0" encoding="UTF-8"?>
<!-- Generated by org.testng.reporters.JUnitReportReporter -->
<testsuite hostname="krishna-ThinkPad-E450" name="jenkins.DemoJenkins.TestCases" tests="1" failures="0" timestamp="19 Mar 2019 04:32:49 GMT" time="7.073" errors="0">
  <testcase name="jenkinsTest" time="7.073" classname="jenkins.DemoJenkins.TestCases"/>
</testsuite> <!-- jenkins.DemoJenkins.TestCases -->
